<?xml version="1.0" encoding="UTF-8"?>
<testsuite name="ApiTestWos.TestWOSAPI-20250212072756" tests="3" file="ApiTestWos.py" time="0.000" timestamp="2025-02-12T07:27:56" failures="0" errors="0" skipped="0">
	<testcase classname="ApiTestWos.TestWOSAPI" name="test_api_error_handling" time="0.000" timestamp="2025-02-12T07:27:56" file="tests\robot\ApiTestWos.py" line="61">
		<!-- ทดสอบกรณี API Request ล้มเหลว เช่น 500 Internal Server Error -->
	</testcase>
	<testcase classname="ApiTestWos.TestWOSAPI" name="test_api_timeout" time="0.000" timestamp="2025-02-12T07:27:56" file="tests\robot\ApiTestWos.py" line="51">
		<!-- ทดสอบการจัดการ Timeout เมื่อ API ใช้เวลานานเกินไป -->
	</testcase>
	<testcase classname="ApiTestWos.TestWOSAPI" name="test_mock_wos_response" time="0.000" timestamp="2025-02-12T07:27:56" file="tests\robot\ApiTestWos.py" line="21">
		<!-- ทดสอบว่าฟังก์ชันสามารถดึงข้อมูลจาก WOS API และจัดการ JSON ได้ถูกต้อง -->
	</testcase>
</testsuite>
